\BOOKMARK [0][-]{chapter.1}{\376\377\0001\000\040\000N\000a\000m\000e\000s\000p\000a\000c\000e\000\040\000I\000n\000d\000e\000x}{}% 1
\BOOKMARK [1][-]{section.1.1}{\376\377\0001\000.\0001\000\040\000P\000a\000c\000k\000a\000g\000e\000s}{chapter.1}% 2
\BOOKMARK [0][-]{chapter.2}{\376\377\0002\000\040\000H\000i\000e\000r\000a\000r\000c\000h\000i\000c\000a\000l\000\040\000I\000n\000d\000e\000x}{}% 3
\BOOKMARK [1][-]{section.2.1}{\376\377\0002\000.\0001\000\040\000C\000l\000a\000s\000s\000\040\000H\000i\000e\000r\000a\000r\000c\000h\000y}{chapter.2}% 4
\BOOKMARK [0][-]{chapter.3}{\376\377\0003\000\040\000C\000l\000a\000s\000s\000\040\000I\000n\000d\000e\000x}{}% 5
\BOOKMARK [1][-]{section.3.1}{\376\377\0003\000.\0001\000\040\000C\000l\000a\000s\000s\000\040\000L\000i\000s\000t}{chapter.3}% 6
\BOOKMARK [0][-]{chapter.4}{\376\377\0004\000\040\000F\000i\000l\000e\000\040\000I\000n\000d\000e\000x}{}% 7
\BOOKMARK [1][-]{section.4.1}{\376\377\0004\000.\0001\000\040\000F\000i\000l\000e\000\040\000L\000i\000s\000t}{chapter.4}% 8
\BOOKMARK [0][-]{chapter.5}{\376\377\0005\000\040\000N\000a\000m\000e\000s\000p\000a\000c\000e\000\040\000D\000o\000c\000u\000m\000e\000n\000t\000a\000t\000i\000o\000n}{}% 9
\BOOKMARK [1][-]{section.5.1}{\376\377\0005\000.\0001\000\040\000s\000e\000g\000m\000e\000n\000t\000a\000t\000i\000o\000n\000\040\000N\000a\000m\000e\000s\000p\000a\000c\000e\000\040\000R\000e\000f\000e\000r\000e\000n\000c\000e}{chapter.5}% 10
\BOOKMARK [2][-]{subsection.5.1.1}{\376\377\0005\000.\0001\000.\0001\000\040\000F\000u\000n\000c\000t\000i\000o\000n\000\040\000D\000o\000c\000u\000m\000e\000n\000t\000a\000t\000i\000o\000n}{section.5.1}% 11
\BOOKMARK [3][-]{subsubsection.5.1.1.1}{\376\377\0005\000.\0001\000.\0001\000.\0001\000\040\000a\000s\000s\000i\000g\000n\000\137\000c\000o\000l\000o\000r\000s\000\050\000\051}{subsection.5.1.1}% 12
\BOOKMARK [3][-]{subsubsection.5.1.1.2}{\376\377\0005\000.\0001\000.\0001\000.\0002\000\040\000f\000i\000n\000d\000\137\000o\000r\000g\000a\000n\000s\000\050\000\051}{subsection.5.1.1}% 13
\BOOKMARK [2][-]{subsection.5.1.2}{\376\377\0005\000.\0001\000.\0002\000\040\000V\000a\000r\000i\000a\000b\000l\000e\000\040\000D\000o\000c\000u\000m\000e\000n\000t\000a\000t\000i\000o\000n}{section.5.1}% 14
\BOOKMARK [3][-]{subsubsection.5.1.2.1}{\376\377\0005\000.\0001\000.\0002\000.\0001\000\040\000a\000p\000p}{subsection.5.1.2}% 15
\BOOKMARK [3][-]{subsubsection.5.1.2.2}{\376\377\0005\000.\0001\000.\0002\000.\0002\000\040\000r\000o\000o\000t}{subsection.5.1.2}% 16
\BOOKMARK [1][-]{section.5.2}{\376\377\0005\000.\0002\000\040\000s\000e\000g\000m\000e\000n\000t\000a\000t\000i\000o\000n\000\137\000u\000t\000i\000l\000s\000\040\000N\000a\000m\000e\000s\000p\000a\000c\000e\000\040\000R\000e\000f\000e\000r\000e\000n\000c\000e}{chapter.5}% 17
\BOOKMARK [2][-]{subsection.5.2.1}{\376\377\0005\000.\0002\000.\0001\000\040\000F\000u\000n\000c\000t\000i\000o\000n\000\040\000D\000o\000c\000u\000m\000e\000n\000t\000a\000t\000i\000o\000n}{section.5.2}% 18
\BOOKMARK [3][-]{subsubsection.5.2.1.1}{\376\377\0005\000.\0002\000.\0001\000.\0001\000\040\000a\000d\000d\000\137\000s\000o\000b\000e\000l\000\137\000e\000d\000g\000e\000s\000\050\000\051}{subsection.5.2.1}% 19
\BOOKMARK [3][-]{subsubsection.5.2.1.2}{\376\377\0005\000.\0002\000.\0001\000.\0002\000\040\000d\000r\000a\000w\000\137\000r\000e\000g\000i\000o\000n\000\137\000o\000u\000t\000l\000i\000n\000e\000s\000\050\000\051}{subsection.5.2.1}% 20
\BOOKMARK [3][-]{subsubsection.5.2.1.3}{\376\377\0005\000.\0002\000.\0001\000.\0003\000\040\000g\000u\000e\000s\000s\000\137\000b\000o\000u\000n\000d\000s\000\050\000\051}{subsection.5.2.1}% 21
\BOOKMARK [3][-]{subsubsection.5.2.1.4}{\376\377\0005\000.\0002\000.\0001\000.\0004\000\040\000p\000a\000r\000t\000i\000t\000i\000o\000n\000\137\000a\000t\000\137\000t\000h\000r\000e\000s\000h\000o\000l\000d\000\050\000\051}{subsection.5.2.1}% 22
\BOOKMARK [3][-]{subsubsection.5.2.1.5}{\376\377\0005\000.\0002\000.\0001\000.\0005\000\040\000s\000a\000v\000e\000\137\000p\000a\000r\000t\000i\000t\000i\000o\000n\000\050\000\051}{subsection.5.2.1}% 23
\BOOKMARK [3][-]{subsubsection.5.2.1.6}{\376\377\0005\000.\0002\000.\0001\000.\0006\000\040\000t\000r\000i\000m\000\137\000b\000a\000c\000k\000g\000r\000o\000u\000n\000d\000\050\000\051}{subsection.5.2.1}% 24
\BOOKMARK [0][-]{chapter.6}{\376\377\0006\000\040\000C\000l\000a\000s\000s\000\040\000D\000o\000c\000u\000m\000e\000n\000t\000a\000t\000i\000o\000n}{}% 25
\BOOKMARK [1][-]{section.6.1}{\376\377\0006\000.\0001\000\040\000A\000p\000p\000l\000i\000c\000a\000t\000i\000o\000n\000\040\000C\000l\000a\000s\000s\000\040\000R\000e\000f\000e\000r\000e\000n\000c\000e}{chapter.6}% 26
\BOOKMARK [2][-]{subsection.6.1.1}{\376\377\0006\000.\0001\000.\0001\000\040\000D\000e\000t\000a\000i\000l\000e\000d\000\040\000D\000e\000s\000c\000r\000i\000p\000t\000i\000o\000n}{section.6.1}% 27
\BOOKMARK [3][-]{subsubsection.6.1.1.1}{\376\377\0006\000.\0001\000.\0001\000.\0001\000\040\000F\000e\000a\000t\000u\000r\000e\000s\000:}{subsection.6.1.1}% 28
\BOOKMARK [2][-]{subsection.6.1.2}{\376\377\0006\000.\0001\000.\0002\000\040\000C\000o\000n\000s\000t\000r\000u\000c\000t\000o\000r\000\040\000\046\000\040\000D\000e\000s\000t\000r\000u\000c\000t\000o\000r\000\040\000D\000o\000c\000u\000m\000e\000n\000t\000a\000t\000i\000o\000n}{section.6.1}% 29
\BOOKMARK [3][-]{subsubsection.6.1.2.1}{\376\377\0006\000.\0001\000.\0002\000.\0001\000\040\000\137\000\137\000i\000n\000i\000t\000\137\000\137\000\050\000\051}{subsection.6.1.2}% 30
\BOOKMARK [2][-]{subsection.6.1.3}{\376\377\0006\000.\0001\000.\0003\000\040\000M\000e\000m\000b\000e\000r\000\040\000F\000u\000n\000c\000t\000i\000o\000n\000\040\000D\000o\000c\000u\000m\000e\000n\000t\000a\000t\000i\000o\000n}{section.6.1}% 31
\BOOKMARK [3][-]{subsubsection.6.1.3.1}{\376\377\0006\000.\0001\000.\0003\000.\0001\000\040\000c\000r\000e\000a\000t\000e\000W\000i\000d\000g\000e\000t\000s\000\050\000\051}{subsection.6.1.3}% 32
\BOOKMARK [3][-]{subsubsection.6.1.3.2}{\376\377\0006\000.\0001\000.\0003\000.\0002\000\040\000d\000e\000l\000e\000t\000e\000A\000l\000l\000\050\000\051}{subsection.6.1.3}% 33
\BOOKMARK [3][-]{subsubsection.6.1.3.3}{\376\377\0006\000.\0001\000.\0003\000.\0003\000\040\000d\000e\000l\000e\000t\000e\000A\000n\000d\000R\000e\000l\000o\000a\000d\000\050\000\051}{subsection.6.1.3}% 34
\BOOKMARK [3][-]{subsubsection.6.1.3.4}{\376\377\0006\000.\0001\000.\0003\000.\0004\000\040\000d\000i\000s\000p\000l\000a\000y\000M\000a\000s\000k\000\050\000\051}{subsection.6.1.3}% 35
\BOOKMARK [3][-]{subsubsection.6.1.3.5}{\376\377\0006\000.\0001\000.\0003\000.\0005\000\040\000e\000n\000a\000b\000l\000e\000L\000i\000n\000e\000D\000r\000a\000w\000i\000n\000g\000\050\000\051}{subsection.6.1.3}% 36
\BOOKMARK [3][-]{subsubsection.6.1.3.6}{\376\377\0006\000.\0001\000.\0003\000.\0006\000\040\000e\000x\000t\000e\000n\000d\000\137\000l\000a\000b\000e\000l\000s\000\050\000\051}{subsection.6.1.3}% 37
\BOOKMARK [3][-]{subsubsection.6.1.3.7}{\376\377\0006\000.\0001\000.\0003\000.\0007\000\040\000e\000x\000t\000e\000n\000d\000\137\000t\000h\000r\000e\000s\000h\000o\000l\000d\000s\000\050\000\051}{subsection.6.1.3}% 38
\BOOKMARK [3][-]{subsubsection.6.1.3.8}{\376\377\0006\000.\0001\000.\0003\000.\0008\000\040\000f\000i\000l\000e\000S\000a\000v\000e\000\050\000\051}{subsection.6.1.3}% 39
\BOOKMARK [3][-]{subsubsection.6.1.3.9}{\376\377\0006\000.\0001\000.\0003\000.\0009\000\040\000h\000i\000d\000e\000\137\000b\000u\000t\000t\000o\000n\000\050\000\051}{subsection.6.1.3}% 40
\BOOKMARK [3][-]{subsubsection.6.1.3.10}{\376\377\0006\000.\0001\000.\0003\000.\0001\0000\000\040\000h\000i\000d\000e\000\137\000c\000o\000n\000t\000r\000o\000l\000s\000\050\000\051}{subsection.6.1.3}% 41
\BOOKMARK [3][-]{subsubsection.6.1.3.11}{\376\377\0006\000.\0001\000.\0003\000.\0001\0001\000\040\000h\000i\000g\000h\000l\000i\000g\000h\000t\000O\000r\000g\000a\000n\000\050\000\051}{subsection.6.1.3}% 42
\BOOKMARK [3][-]{subsubsection.6.1.3.12}{\376\377\0006\000.\0001\000.\0003\000.\0001\0002\000\040\000l\000a\000b\000e\000l\000\137\000c\000o\000n\000t\000r\000o\000l\000s\000\050\000\051}{subsection.6.1.3}% 43
\BOOKMARK [3][-]{subsubsection.6.1.3.13}{\376\377\0006\000.\0001\000.\0003\000.\0001\0003\000\040\000l\000a\000b\000e\000l\000\137\000q\000u\000e\000s\000t\000\050\000\051}{subsection.6.1.3}% 44
\BOOKMARK [3][-]{subsubsection.6.1.3.14}{\376\377\0006\000.\0001\000.\0003\000.\0001\0004\000\040\000l\000a\000b\000e\000l\000L\000i\000v\000e\000r\000\050\000\051}{subsection.6.1.3}% 45
\BOOKMARK [3][-]{subsubsection.6.1.3.15}{\376\377\0006\000.\0001\000.\0003\000.\0001\0005\000\040\000l\000a\000b\000e\000l\000S\000p\000l\000e\000e\000n\000\050\000\051}{subsection.6.1.3}% 46
\BOOKMARK [3][-]{subsubsection.6.1.3.16}{\376\377\0006\000.\0001\000.\0003\000.\0001\0006\000\040\000l\000o\000a\000d\000\137\000m\000a\000s\000k\000s\000\050\000\051}{subsection.6.1.3}% 47
\BOOKMARK [3][-]{subsubsection.6.1.3.17}{\376\377\0006\000.\0001\000.\0003\000.\0001\0007\000\040\000l\000o\000a\000d\000S\000l\000i\000c\000e\000\050\000\051}{subsection.6.1.3}% 48
\BOOKMARK [3][-]{subsubsection.6.1.3.18}{\376\377\0006\000.\0001\000.\0003\000.\0001\0008\000\040\000n\000a\000v\000i\000g\000a\000t\000i\000o\000n\000\137\000c\000o\000n\000t\000r\000o\000l\000s\000\050\000\051}{subsection.6.1.3}% 49
\BOOKMARK [3][-]{subsubsection.6.1.3.19}{\376\377\0006\000.\0001\000.\0003\000.\0001\0009\000\040\000p\000a\000r\000t\000i\000t\000i\000o\000n\000O\000r\000g\000a\000n\000s\000\050\000\051}{subsection.6.1.3}% 50
\BOOKMARK [3][-]{subsubsection.6.1.3.20}{\376\377\0006\000.\0001\000.\0003\000.\0002\0000\000\040\000s\000a\000v\000e\000\137\000c\000o\000n\000t\000r\000o\000l\000s\000\050\000\051}{subsection.6.1.3}% 51
\BOOKMARK [3][-]{subsubsection.6.1.3.21}{\376\377\0006\000.\0001\000.\0003\000.\0002\0001\000\040\000s\000e\000t\000\137\000l\000i\000v\000e\000r\000\137\000i\000n\000t\000e\000n\000s\000i\000t\000y\000\050\000\051}{subsection.6.1.3}% 52
\BOOKMARK [3][-]{subsubsection.6.1.3.22}{\376\377\0006\000.\0001\000.\0003\000.\0002\0002\000\040\000s\000e\000t\000\137\000t\000h\000r\000e\000s\000h\000o\000l\000d\000\137\000t\000o\000g\000g\000l\000e\000s\000\050\000\051}{subsection.6.1.3}% 53
\BOOKMARK [3][-]{subsubsection.6.1.3.23}{\376\377\0006\000.\0001\000.\0003\000.\0002\0003\000\040\000s\000e\000t\000P\000a\000r\000t\000i\000t\000i\000o\000n\000\050\000\051}{subsection.6.1.3}% 54
\BOOKMARK [3][-]{subsubsection.6.1.3.24}{\376\377\0006\000.\0001\000.\0003\000.\0002\0004\000\040\000S\000e\000t\000P\000a\000t\000i\000e\000n\000t\000\050\000\051}{subsection.6.1.3}% 55
\BOOKMARK [3][-]{subsubsection.6.1.3.25}{\376\377\0006\000.\0001\000.\0003\000.\0002\0005\000\040\000s\000e\000t\000S\000l\000i\000c\000e\000\050\000\051}{subsection.6.1.3}% 56
\BOOKMARK [3][-]{subsubsection.6.1.3.26}{\376\377\0006\000.\0001\000.\0003\000.\0002\0006\000\040\000s\000h\000o\000w\000\137\000b\000u\000t\000t\000o\000n\000\050\000\051}{subsection.6.1.3}% 57
\BOOKMARK [3][-]{subsubsection.6.1.3.27}{\376\377\0006\000.\0001\000.\0003\000.\0002\0007\000\040\000s\000h\000o\000w\000\137\000c\000o\000n\000t\000r\000o\000l\000s\000\050\000\051}{subsection.6.1.3}% 58
\BOOKMARK [3][-]{subsubsection.6.1.3.28}{\376\377\0006\000.\0001\000.\0003\000.\0002\0008\000\040\000s\000l\000i\000c\000e\000\137\000e\000d\000i\000t\000i\000n\000g\000\137\000c\000o\000n\000t\000r\000o\000l\000s\000\050\000\051}{subsection.6.1.3}% 59
\BOOKMARK [3][-]{subsubsection.6.1.3.29}{\376\377\0006\000.\0001\000.\0003\000.\0002\0009\000\040\000t\000o\000g\000g\000l\000e\000M\000a\000s\000k\000\050\000\051}{subsection.6.1.3}% 60
\BOOKMARK [2][-]{subsection.6.1.4}{\376\377\0006\000.\0001\000.\0004\000\040\000M\000e\000m\000b\000e\000r\000\040\000D\000a\000t\000a\000\040\000D\000o\000c\000u\000m\000e\000n\000t\000a\000t\000i\000o\000n}{section.6.1}% 61
\BOOKMARK [3][-]{subsubsection.6.1.4.1}{\376\377\0006\000.\0001\000.\0004\000.\0001\000\040\000b\000l\000o\000o\000d\000\137\000v\000e\000s\000s\000e\000l\000\137\000v\000a\000r}{subsection.6.1.4}% 62
\BOOKMARK [3][-]{subsubsection.6.1.4.2}{\376\377\0006\000.\0001\000.\0004\000.\0002\000\040\000b\000l\000o\000o\000d\000V\000e\000s\000s\000e\000l\000I\000n\000t\000e\000n\000s\000i\000t\000y\000S\000c\000a\000l\000e}{subsection.6.1.4}% 63
\BOOKMARK [3][-]{subsubsection.6.1.4.3}{\376\377\0006\000.\0001\000.\0004\000.\0003\000\040\000b\000o\000n\000e\000\137\000v\000a\000r}{subsection.6.1.4}% 64
\BOOKMARK [3][-]{subsubsection.6.1.4.4}{\376\377\0006\000.\0001\000.\0004\000.\0004\000\040\000b\000o\000n\000e\000I\000n\000t\000e\000n\000s\000i\000t\000y\000S\000c\000a\000l\000e}{subsection.6.1.4}% 65
\BOOKMARK [3][-]{subsubsection.6.1.4.5}{\376\377\0006\000.\0001\000.\0004\000.\0005\000\040\000b\000u\000t\000t\000o\000n\000A\000c\000c\000e\000p\000t}{subsection.6.1.4}% 66
\BOOKMARK [3][-]{subsubsection.6.1.4.6}{\376\377\0006\000.\0001\000.\0004\000.\0006\000\040\000b\000u\000t\000t\000o\000n\000D\000e\000l\000e\000t\000e\000A\000l\000l}{subsection.6.1.4}% 67
\BOOKMARK [3][-]{subsubsection.6.1.4.7}{\376\377\0006\000.\0001\000.\0004\000.\0007\000\040\000b\000u\000t\000t\000o\000n\000E\000x\000t\000e\000n\000d}{subsection.6.1.4}% 68
\BOOKMARK [3][-]{subsubsection.6.1.4.8}{\376\377\0006\000.\0001\000.\0004\000.\0008\000\040\000b\000u\000t\000t\000o\000n\000E\000x\000t\000e\000n\000d\000I\000n\000t}{subsection.6.1.4}% 69
\BOOKMARK [3][-]{subsubsection.6.1.4.9}{\376\377\0006\000.\0001\000.\0004\000.\0009\000\040\000b\000u\000t\000t\000o\000n\000L\000a\000b\000e\000l\000L\000i\000v\000e\000r}{subsection.6.1.4}% 70
\BOOKMARK [3][-]{subsubsection.6.1.4.10}{\376\377\0006\000.\0001\000.\0004\000.\0001\0000\000\040\000b\000u\000t\000t\000o\000n\000L\000a\000b\000e\000l\000S\000p\000l\000e\000e\000n}{subsection.6.1.4}% 71
\BOOKMARK [3][-]{subsubsection.6.1.4.11}{\376\377\0006\000.\0001\000.\0004\000.\0001\0001\000\040\000b\000u\000t\000t\000o\000n\000P\000a\000r\000t\000i\000t\000i\000o\000n}{subsection.6.1.4}% 72
\BOOKMARK [3][-]{subsubsection.6.1.4.12}{\376\377\0006\000.\0001\000.\0004\000.\0001\0002\000\040\000b\000u\000t\000t\000o\000n\000S\000a\000v\000e}{subsection.6.1.4}% 73
\BOOKMARK [3][-]{subsubsection.6.1.4.13}{\376\377\0006\000.\0001\000.\0004\000.\0001\0003\000\040\000b\000u\000t\000t\000o\000n\000T\000o\000g\000g\000l\000e\000M\000a\000s\000k}{subsection.6.1.4}% 74
\BOOKMARK [3][-]{subsubsection.6.1.4.14}{\376\377\0006\000.\0001\000.\0004\000.\0001\0004\000\040\000d\000r\000a\000w\000L\000i\000n\000e}{subsection.6.1.4}% 75
\BOOKMARK [3][-]{subsubsection.6.1.4.15}{\376\377\0006\000.\0001\000.\0004\000.\0001\0005\000\040\000e\000n\000t\000r\000y\000\137\000l\000a\000b\000e\000l}{subsection.6.1.4}% 76
\BOOKMARK [3][-]{subsubsection.6.1.4.16}{\376\377\0006\000.\0001\000.\0004\000.\0001\0006\000\040\000e\000n\000t\000r\000y\000F\000r\000a\000m\000e}{subsection.6.1.4}% 77
\BOOKMARK [3][-]{subsubsection.6.1.4.17}{\376\377\0006\000.\0001\000.\0004\000.\0001\0007\000\040\000f\000i\000l\000e\000\137\000d\000i\000r}{subsection.6.1.4}% 78
\BOOKMARK [3][-]{subsubsection.6.1.4.18}{\376\377\0006\000.\0001\000.\0004\000.\0001\0008\000\040\000h\000i\000g\000h\000l\000i\000g\000h\000t\000\137\000i\000m\000g}{subsection.6.1.4}% 79
\BOOKMARK [3][-]{subsubsection.6.1.4.19}{\376\377\0006\000.\0001\000.\0004\000.\0001\0009\000\040\000i\000m\000g}{subsection.6.1.4}% 80
\BOOKMARK [3][-]{subsubsection.6.1.4.20}{\376\377\0006\000.\0001\000.\0004\000.\0002\0000\000\040\000l\000a\000b\000e\000l}{subsection.6.1.4}% 81
\BOOKMARK [3][-]{subsubsection.6.1.4.21}{\376\377\0006\000.\0001\000.\0004\000.\0002\0001\000\040\000l\000a\000b\000e\000l\000B\000l\000o\000o\000d\000V\000e\000s\000s\000e\000l\000I\000n\000t\000e\000n\000s\000i\000t\000y}{subsection.6.1.4}% 82
\BOOKMARK [3][-]{subsubsection.6.1.4.22}{\376\377\0006\000.\0001\000.\0004\000.\0002\0002\000\040\000l\000a\000b\000e\000l\000B\000o\000n\000e\000I\000n\000t\000e\000n\000s\000i\000t\000y}{subsection.6.1.4}% 83
\BOOKMARK [3][-]{subsubsection.6.1.4.23}{\376\377\0006\000.\0001\000.\0004\000.\0002\0003\000\040\000l\000a\000b\000e\000l\000L\000i\000v\000e\000r\000I\000n\000t\000e\000n\000s\000i\000t\000y}{subsection.6.1.4}% 84
\BOOKMARK [3][-]{subsubsection.6.1.4.24}{\376\377\0006\000.\0001\000.\0004\000.\0002\0004\000\040\000l\000a\000b\000e\000l\000T\000h\000i\000c\000k\000n\000e\000s\000s}{subsection.6.1.4}% 85
\BOOKMARK [3][-]{subsubsection.6.1.4.25}{\376\377\0006\000.\0001\000.\0004\000.\0002\0005\000\040\000l\000a\000s\000t\000\137\000c\000l\000i\000c\000k\000e\000d\000\137\000x}{subsection.6.1.4}% 86
\BOOKMARK [3][-]{subsubsection.6.1.4.26}{\376\377\0006\000.\0001\000.\0004\000.\0002\0006\000\040\000l\000a\000s\000t\000\137\000c\000l\000i\000c\000k\000e\000d\000\137\000y}{subsection.6.1.4}% 87
\BOOKMARK [3][-]{subsubsection.6.1.4.27}{\376\377\0006\000.\0001\000.\0004\000.\0002\0007\000\040\000l\000e\000f\000t\000F\000r\000a\000m\000e}{subsection.6.1.4}% 88
\BOOKMARK [3][-]{subsubsection.6.1.4.28}{\376\377\0006\000.\0001\000.\0004\000.\0002\0008\000\040\000l\000i\000n\000e\000\137\000s\000e\000g\000m\000e\000n\000t\000s}{subsection.6.1.4}% 89
\BOOKMARK [3][-]{subsubsection.6.1.4.29}{\376\377\0006\000.\0001\000.\0004\000.\0002\0009\000\040\000l\000i\000n\000e\000s}{subsection.6.1.4}% 90
\BOOKMARK [3][-]{subsubsection.6.1.4.30}{\376\377\0006\000.\0001\000.\0004\000.\0003\0000\000\040\000l\000i\000v\000e\000r\000\137\000v\000a\000r}{subsection.6.1.4}% 91
\BOOKMARK [3][-]{subsubsection.6.1.4.31}{\376\377\0006\000.\0001\000.\0004\000.\0003\0001\000\040\000l\000i\000v\000e\000r\000I\000n\000t\000e\000n\000s\000i\000t\000y\000S\000c\000a\000l\000e}{subsection.6.1.4}% 92
\BOOKMARK [3][-]{subsubsection.6.1.4.32}{\376\377\0006\000.\0001\000.\0004\000.\0003\0002\000\040\000m\000a\000s\000k}{subsection.6.1.4}% 93
\BOOKMARK [3][-]{subsubsection.6.1.4.33}{\376\377\0006\000.\0001\000.\0004\000.\0003\0003\000\040\000m\000a\000s\000k\000\137\000i\000m\000g}{subsection.6.1.4}% 94
\BOOKMARK [3][-]{subsubsection.6.1.4.34}{\376\377\0006\000.\0001\000.\0004\000.\0003\0004\000\040\000m\000a\000s\000k\000s}{subsection.6.1.4}% 95
\BOOKMARK [3][-]{subsubsection.6.1.4.35}{\376\377\0006\000.\0001\000.\0004\000.\0003\0005\000\040\000m\000y\000C\000a\000n\000v\000a\000s}{subsection.6.1.4}% 96
\BOOKMARK [3][-]{subsubsection.6.1.4.36}{\376\377\0006\000.\0001\000.\0004\000.\0003\0006\000\040\000m\000y\000E\000n\000t\000r\000y\0001}{subsection.6.1.4}% 97
\BOOKMARK [3][-]{subsubsection.6.1.4.37}{\376\377\0006\000.\0001\000.\0004\000.\0003\0007\000\040\000m\000y\000E\000n\000t\000r\000y\0002}{subsection.6.1.4}% 98
\BOOKMARK [3][-]{subsubsection.6.1.4.38}{\376\377\0006\000.\0001\000.\0004\000.\0003\0008\000\040\000m\000y\000S\000c\000a\000l\000e}{subsection.6.1.4}% 99
\BOOKMARK [3][-]{subsubsection.6.1.4.39}{\376\377\0006\000.\0001\000.\0004\000.\0003\0009\000\040\000p\000a\000t\000i\000e\000n\000t\000\137\000i\000d}{subsection.6.1.4}% 100
\BOOKMARK [3][-]{subsubsection.6.1.4.40}{\376\377\0006\000.\0001\000.\0004\000.\0004\0000\000\040\000p\000a\000t\000i\000e\000n\000t\000s}{subsection.6.1.4}% 101
\BOOKMARK [3][-]{subsubsection.6.1.4.41}{\376\377\0006\000.\0001\000.\0004\000.\0004\0001\000\040\000p\000i\000x\000e\000l\000\137\000v\000a\000l\000u\000e}{subsection.6.1.4}% 102
\BOOKMARK [3][-]{subsubsection.6.1.4.42}{\376\377\0006\000.\0001\000.\0004\000.\0004\0002\000\040\000p\000r\000e\000v\000i\000o\000u\000s\000X}{subsection.6.1.4}% 103
\BOOKMARK [3][-]{subsubsection.6.1.4.43}{\376\377\0006\000.\0001\000.\0004\000.\0004\0003\000\040\000p\000r\000e\000v\000i\000o\000u\000s\000Y}{subsection.6.1.4}% 104
\BOOKMARK [3][-]{subsubsection.6.1.4.44}{\376\377\0006\000.\0001\000.\0004\000.\0004\0004\000\040\000q\000u\000e\000s\000t}{subsection.6.1.4}% 105
\BOOKMARK [3][-]{subsubsection.6.1.4.45}{\376\377\0006\000.\0001\000.\0004\000.\0004\0005\000\040\000q\000u\000e\000s\000t\000C\000h\000e\000c\000k}{subsection.6.1.4}% 106
\BOOKMARK [3][-]{subsubsection.6.1.4.46}{\376\377\0006\000.\0001\000.\0004\000.\0004\0006\000\040\000q\000u\000e\000s\000t\000i\000o\000n\000a\000b\000l\000e\000\137\000s\000l\000i\000c\000e\000s}{subsection.6.1.4}% 107
\BOOKMARK [3][-]{subsubsection.6.1.4.47}{\376\377\0006\000.\0001\000.\0004\000.\0004\0007\000\040\000r\000a\000d\000i\000o\000b\000u\000t\000t\000o\000n\000V\000a\000l\000u\000e}{subsection.6.1.4}% 108
\BOOKMARK [3][-]{subsubsection.6.1.4.48}{\376\377\0006\000.\0001\000.\0004\000.\0004\0008\000\040\000r\000g\000b}{subsection.6.1.4}% 109
\BOOKMARK [3][-]{subsubsection.6.1.4.49}{\376\377\0006\000.\0001\000.\0004\000.\0004\0009\000\040\000s\000h\000o\000w\000M\000a\000s\000k}{subsection.6.1.4}% 110
\BOOKMARK [3][-]{subsubsection.6.1.4.50}{\376\377\0006\000.\0001\000.\0004\000.\0005\0000\000\040\000s\000l\000i\000c\000e\000\137\000i\000d\000x}{subsection.6.1.4}% 111
\BOOKMARK [3][-]{subsubsection.6.1.4.51}{\376\377\0006\000.\0001\000.\0004\000.\0005\0001\000\040\000s\000l\000i\000c\000e\000s}{subsection.6.1.4}% 112
\BOOKMARK [3][-]{subsubsection.6.1.4.52}{\376\377\0006\000.\0001\000.\0004\000.\0005\0002\000\040\000t\000h\000r\000e\000s\000h\000o\000l\000d\000s}{subsection.6.1.4}% 113
\BOOKMARK [3][-]{subsubsection.6.1.4.53}{\376\377\0006\000.\0001\000.\0004\000.\0005\0003\000\040\000t\000k\000v\000a\000r}{subsection.6.1.4}% 114
\BOOKMARK [3][-]{subsubsection.6.1.4.54}{\376\377\0006\000.\0001\000.\0004\000.\0005\0004\000\040\000t\000o\000o\000l\000s\000T\000h\000i\000c\000k\000n\000e\000s\000s}{subsection.6.1.4}% 115
\BOOKMARK [0][-]{chapter.7}{\376\377\0007\000\040\000F\000i\000l\000e\000\040\000D\000o\000c\000u\000m\000e\000n\000t\000a\000t\000i\000o\000n}{}% 116
\BOOKMARK [1][-]{section.7.1}{\376\377\0007\000.\0001\000\040\000/\000U\000s\000e\000r\000s\000/\000l\000o\000r\000e\000n\000z\000/\000D\000e\000s\000k\000t\000o\000p\000/\000r\000e\000l\000e\000a\000s\000e\000/\000r\000a\000d\000i\000p\000o\000p\000/\000s\000e\000g\000m\000e\000n\000t\000a\000t\000i\000o\000n\000.\000p\000y\000\040\000F\000i\000l\000e\000\040\000R\000e\000f\000e\000r\000e\000n\000c\000e}{chapter.7}% 117
\BOOKMARK [1][-]{section.7.2}{\376\377\0007\000.\0002\000\040\000/\000U\000s\000e\000r\000s\000/\000l\000o\000r\000e\000n\000z\000/\000D\000e\000s\000k\000t\000o\000p\000/\000r\000e\000l\000e\000a\000s\000e\000/\000r\000a\000d\000i\000p\000o\000p\000/\000s\000e\000g\000m\000e\000n\000t\000a\000t\000i\000o\000n\000\137\000u\000t\000i\000l\000s\000.\000p\000y\000\040\000F\000i\000l\000e\000\040\000R\000e\000f\000e\000r\000e\000n\000c\000e}{chapter.7}% 118
\BOOKMARK [0][-]{section*.14}{\376\377\000I\000n\000d\000e\000x}{}% 119
